2025-09-10 18:03:31 /home/morch/monitoreado/ CREATE .prueba.swp
2025-09-10 18:03:31 /home/morch/monitoreado/ CREATE .prueba.swpx
2025-09-10 18:03:31 /home/morch/monitoreado/ DELETE .prueba.swpx
2025-09-10 18:03:31 /home/morch/monitoreado/ DELETE .prueba.swp
2025-09-10 18:03:31 /home/morch/monitoreado/ CREATE .prueba.swp
2025-09-10 18:03:31 /home/morch/monitoreado/ MODIFY .prueba.swp
2025-09-10 18:03:32 /home/morch/monitoreado/ MODIFY .prueba.swp
2025-09-10 18:03:35 /home/morch/monitoreado/ CREATE prueba
2025-09-10 18:03:35 /home/morch/monitoreado/ MODIFY prueba
2025-09-10 18:03:35 /home/morch/monitoreado/ MODIFY .prueba.swp
2025-09-10 18:03:35 /home/morch/monitoreado/ DELETE .prueba.swp
2025-09-10 18:03:38 /home/morch/monitoreado/ CREATE .prueba.swp
2025-09-10 18:03:38 /home/morch/monitoreado/ CREATE .prueba.swpx
2025-09-10 18:03:38 /home/morch/monitoreado/ DELETE .prueba.swpx
2025-09-10 18:03:38 /home/morch/monitoreado/ DELETE .prueba.swp
2025-09-10 18:03:38 /home/morch/monitoreado/ CREATE .prueba.swp
2025-09-10 18:03:38 /home/morch/monitoreado/ MODIFY .prueba.swp
2025-09-10 18:03:40 /home/morch/monitoreado/ MODIFY .prueba.swp
2025-09-10 18:03:46 /home/morch/monitoreado/ CREATE 4913
2025-09-10 18:03:46 /home/morch/monitoreado/ DELETE 4913
2025-09-10 18:03:46 /home/morch/monitoreado/ CREATE prueba
2025-09-10 18:03:46 /home/morch/monitoreado/ MODIFY prueba
2025-09-10 18:03:46 /home/morch/monitoreado/ MODIFY .prueba.swp
2025-09-10 18:03:46 /home/morch/monitoreado/ DELETE prueba~
2025-09-10 18:03:46 /home/morch/monitoreado/ DELETE .prueba.swp
2025-09-10 18:03:51 /home/morch/monitoreado/ DELETE prueba
