20:27:32  0.0  0.0
20:27:32  0.0  0.0
20:27:32  0.0  0.0
20:27:32  0.0  0.0
20:27:32  0.0  0.0
20:27:32  0.0  0.2
20:27:32  0.0  0.0
20:27:32  0.0  0.3
20:27:32  0.0  0.4
20:27:32  0.0  0.4
20:27:32  0.0  0.4
20:27:32  0.0  0.5
20:27:32  0.0  0.5
20:27:32  0.0  0.5
20:27:32  0.0  0.0
20:27:32  0.0  0.0
20:27:32  0.0  0.0
20:27:32  0.0  0.0
20:27:32  0.0  0.0
20:27:32  0.0  0.0
20:27:32  0.0  0.0
20:27:32  0.0  0.0
20:27:32  0.0  0.0
20:27:32  0.0  0.2
20:27:32  0.0  0.4
20:27:32  0.0  1.0
20:27:32  0.0  1.0
20:27:32  0.0  1.0
20:27:32  0.0  1.0
20:27:32  0.0  1.0
20:27:32  0.0  1.0
20:27:32  0.0  1.0
20:27:32  0.0  1.0
20:27:32  0.0  1.0
20:27:32 14.0  1.0
20:27:32 14.0  1.0
20:27:32 15.0  1.0
20:27:32 16.0  1.0
20:27:32 18.0  1.0
20:27:32 18.0  1.0
20:27:32 18.0  1.1
20:27:32 19.0  1.1
20:27:32 19.0  1.1
20:27:32 19.0  1.1
20:27:32 19.0  1.2
20:27:32 23.0  1.3
20:27:32 23.0  1.3
20:27:32 24.0  1.4
20:27:32 24.0  1.5
20:27:32 24.0  1.5
20:27:32 24.0  1.6
20:27:32 24.0  1.6
20:27:32 26.0  1.7
20:27:32 27.0  1.7
20:27:32 27.0  1.7
20:27:32 27.0  1.7
20:27:32 27.0  1.7
20:27:32 27.0  1.8
20:27:32 27.0  1.7
20:27:32 27.0  1.7
20:27:33 27.0  1.7
20:27:33 27.0  1.7
20:27:33 27.0  1.7
20:27:33 27.0  1.7
20:27:33 27.0  1.7
20:27:33 27.0  1.7
20:27:33 38.0  1.8
20:27:33 40.0  2.2
20:27:33 43.0  2.6
20:27:33 45.0  2.7
20:27:33 46.0  2.7
20:27:33 47.0  2.7
20:27:33 47.0  2.7
20:27:33 47.0  2.7
20:27:33 47.0  2.7
20:27:33 47.0  2.7
20:27:33 47.0  2.7
20:27:33 48.0  2.8
20:27:33 50.0  3.2
20:27:33 53.0  3.4
20:27:33 55.0  3.6
20:27:33 56.0  3.7
20:27:33 57.0  3.7
20:27:33 58.0  3.8
20:27:33 60.0  3.9
20:27:33 60.0  4.0
20:27:33 60.0  4.0
20:27:33 62.0  4.1
20:27:33 63.0  4.2
20:27:33 64.0  4.2
20:27:33 67.0  4.2
20:27:33 67.0  4.2
20:27:33 69.0  4.3
20:27:33 70.0  4.3
20:27:33 72.0  4.4
20:27:33 73.0  4.6
20:27:33 74.0  4.6
20:27:33 75.0  4.6
20:27:33 77.0  4.7
20:27:33 77.0  4.8
20:27:33 80.0  4.8
20:27:33 80.0  4.9
20:27:33 82.0  5.0
20:27:33 82.0  5.0
20:27:33 83.0  5.0
20:27:33 85.0  5.2
20:27:33 86.0  5.2
20:27:33 87.0  5.2
20:27:33 87.0  5.3
20:27:33 88.0  5.4
20:27:33 89.0  5.4
20:27:33 89.0  5.4
20:27:33 91.0  5.5
20:27:33 46.0  5.6
20:27:33 46.5  5.6
20:27:33 48.0  5.7
20:27:33 48.5  5.7
20:27:33 49.0  5.8
20:27:33 49.5  5.8
20:27:33 50.5  5.9
20:27:33 51.0  6.0
20:27:33 51.0  6.0
20:27:33 52.0  6.0
20:27:33 52.5  6.4
20:27:33 53.5  6.4
20:27:33 54.5  6.4
20:27:33 55.0  6.4
20:27:34 55.0  6.5
20:27:34 55.0  6.5
20:27:34 55.0  6.5
20:27:34 55.0  6.5
20:27:34 55.0  6.5
20:27:34 55.0  6.5
20:27:34 55.0  6.5
20:27:34 55.0  6.5
20:27:34 55.5  6.5
20:27:34 56.0  6.5
20:27:34 57.5  6.6
20:27:34 58.0  6.6
20:27:34 58.0  6.6
20:27:34 59.5  6.6
20:27:34 60.5  6.7
20:27:34 61.5  6.9
20:27:34 63.5  7.0
20:27:34 64.5  7.0
20:27:34 65.0  7.1
20:27:34 66.0  7.1
20:27:34 66.5  7.1
20:27:34 66.5  7.1
20:27:34 66.5  7.1
20:27:34 66.5  7.1
20:27:34 66.5  7.1
20:27:34 66.5  7.1
20:27:34 66.5  7.1
20:27:34 66.5  7.1
20:27:34 67.5  7.2
20:27:34 69.0  7.3
20:27:34 47.0  7.5
20:27:34 47.6  7.6
20:27:34 48.3  7.6
20:27:34 50.0  7.8
20:27:34 50.3  7.8
20:27:34 50.6  7.8
20:27:34 51.0  7.9
20:27:34 51.3  8.0
20:27:34 52.3  8.0
20:27:34 53.6  8.0
20:27:34 54.0  8.0
20:27:34 54.3  8.1
20:27:34 55.0  8.1
20:27:34 56.0  8.1
20:27:35 56.6  8.1
20:27:35 57.3  8.1
20:27:35 57.6  8.1
20:27:35 58.3  8.1
20:27:35 59.3  8.2
20:27:35 59.6  8.2
20:27:35 60.3  8.2
20:27:35 60.6  8.4
20:27:35 62.0  8.6
20:27:35 62.3  8.6
20:27:35 62.6  8.6
20:27:35 63.0  8.6
20:27:35 63.3  8.6
20:27:35 63.6  8.6
20:27:35 64.3  8.6
20:27:35 64.6  8.6
20:27:35 65.0  8.6
20:27:35 65.3  8.7
20:27:35 65.6  8.7
20:27:35 66.3  8.8
20:27:35 66.3  8.8
20:27:35 66.6  8.8
20:27:35 66.6  8.8
20:27:35 67.0  8.8
20:27:35 67.3  8.8
20:27:35 67.3  8.8
20:27:35 67.6  8.8
20:27:35 67.6  8.8
20:27:35 68.0  8.8
20:27:35 68.3  8.8
20:27:35 68.6  8.9
20:27:35 69.3  8.9
20:27:35 69.6  8.9
20:27:35 70.0  8.9
20:27:35 70.0  8.9
20:27:35 70.0  8.9
20:27:35 70.0  8.9
20:27:35 70.0  8.9
20:27:35 70.0  8.9
20:27:35 70.0  8.9
20:27:35 70.0  8.9
20:27:35 70.0  8.9
20:27:35 70.0  8.9
20:27:35 70.3  9.0
20:27:35 70.3  9.0
20:27:35 53.2  9.0
20:27:35 53.5  9.0
20:27:35 53.7  9.0
20:27:35 54.0  9.0
20:27:35 54.2  9.0
20:27:35 54.5  9.0
20:27:35 55.0  9.1
20:27:35 55.5  9.1
20:27:35 55.5  9.1
20:27:35 55.7  9.1
20:27:35 56.0  9.1
20:27:35 56.2  9.1
20:27:35 56.5  9.1
20:27:35 56.5  9.1
20:27:35 56.5  9.1
20:27:35 56.5  9.1
20:27:35 56.5  9.1
20:27:35 56.5  9.1
20:27:35 56.5  9.1
20:27:35 56.5  9.1
20:27:35 56.5  9.1
20:27:35 57.2  9.2
20:27:36 58.2  9.2
20:27:36 59.2  9.2
20:27:36 59.7  9.2
20:27:36 60.0  9.2
20:27:36 60.7  9.2
20:27:36 61.7  9.3
20:27:36 62.0  9.3
20:27:36 63.0  9.3
20:27:36 63.5  9.3
20:27:36 64.5  9.3
20:27:36 65.5  9.3
20:27:36 66.2  9.3
20:27:36 66.7  9.3
20:27:36 67.5  9.3
20:27:36 67.7  9.3
20:27:36 68.2  9.3
20:27:36 68.5  9.3
20:27:36 68.5  9.3
20:27:36 68.5  9.3
20:27:36 68.5  9.3
20:27:36 68.7  9.3
20:27:36 68.7  9.3
20:27:36 68.7  9.3
20:27:36 68.7  9.3
20:27:36 55.0  9.3
20:27:36 55.0  9.3
20:27:36 55.0  9.3
20:27:36 55.0  9.3
20:27:36 55.0  9.3
20:27:36 55.0  9.3
20:27:36 55.0  9.3
20:27:36 55.4  9.3
20:27:36 55.4  9.3
20:27:36 55.4  9.3
20:27:36 55.4  9.3
20:27:36 55.4  9.3
20:27:36 55.4  9.3
20:27:36 55.4  9.3
20:27:36 55.6  9.3
20:27:36 55.6  9.3
20:27:36 55.6  9.3
20:27:36 55.6  9.3
20:27:36 55.6  9.3
20:27:36 55.6  9.3
20:27:36 55.6  9.3
20:27:36 55.6  9.3
20:27:36 55.6  9.3
20:27:36 55.6  9.3
20:27:36 55.6  9.3
20:27:36 55.6  9.3
20:27:36 55.6  9.3
20:27:36 55.6  9.3
20:27:36 55.6  9.3
20:27:36 55.6  9.3
20:27:36 55.6  9.3
20:27:37 55.6  9.3
20:27:37 55.6  9.3
20:27:37 55.6  9.3
20:27:37 55.6  9.3
20:27:37 55.6  9.3
20:27:37 55.6  9.3
20:27:37 55.6  9.3
20:27:37 55.6  9.3
20:27:37 55.8  9.3
20:27:37 55.8  9.3
20:27:37 55.8  9.3
20:27:37 55.8  9.3
20:27:37 55.8  9.3
20:27:37 55.8  9.3
20:27:37 55.8  9.3
20:27:37 55.8  9.3
20:27:37 55.8  9.3
20:27:37 55.8  9.3
20:27:37 55.8  9.3
20:27:37 55.8  9.3
20:27:37 55.8  9.3
20:27:37 55.8  9.3
20:27:37 55.8  9.3
20:27:37 55.8  9.3
20:27:37 55.8  9.3
20:27:37 56.0  9.3
20:27:37 56.0  9.3
20:27:37 56.0  9.3
20:27:37 56.0  9.3
20:27:37 56.0  9.3
20:27:37 56.0  9.3
20:27:37 56.0  9.3
20:27:37 56.0  9.3
20:27:37 56.0  9.3
20:27:37 56.0  9.3
20:27:37 56.0  9.3
20:27:37 56.0  9.3
20:27:37 56.0  9.3
20:27:37 56.0  9.3
20:27:37 56.0  9.3
20:27:37 56.0  9.3
20:27:37 56.0  9.3
20:27:37 56.0  9.3
20:27:37 56.0  9.3
20:27:37 56.0  9.3
20:27:37 56.0  9.3
20:27:37 56.0  9.3
20:27:37 56.0  9.3
20:27:37 56.0  9.3
20:27:37 56.0  9.3
20:27:37 56.0  9.3
20:27:37 56.0  9.3
20:27:37 56.0  9.3
20:27:37 56.0  9.3
20:27:37 56.0  9.3
20:27:37 56.0  9.3
20:27:37 56.0  9.3
20:27:37 56.0  9.3
20:27:37 56.0  9.3
20:27:37 56.0  9.3
20:27:37 56.2  9.3
20:27:37 56.2  9.3
20:27:37 56.2  9.3
20:27:37 56.2  9.3
20:27:37 56.2  9.3
20:27:37 46.8  9.3
20:27:37 46.8  9.3
20:27:37 46.8  9.3
20:27:37 46.8  9.3
20:27:37 46.8  9.3
20:27:37 46.8  9.3
20:27:37 46.8  9.3
20:27:37 46.8  9.3
20:27:37 46.8  9.3
20:27:37 46.8  9.3
20:27:37 46.8  9.3
20:27:37 46.8  9.3
20:27:37 47.0  9.3
20:27:37 47.0  9.3
20:27:37 47.0  9.3
20:27:37 47.0  9.3
20:27:37 47.0  9.3
20:27:37 47.0  9.3
20:27:37 47.0  9.3
20:27:37 47.0  9.3
20:27:37 47.0  9.3
20:27:37 47.0  9.3
20:27:37 47.0  9.3
20:27:37 47.0  9.3
20:27:37 47.0  9.3
20:27:37 47.0  9.3
20:27:37 47.0  9.3
20:27:37 47.0  9.3
20:27:37 47.0  9.3
20:27:37 47.0  9.3
20:27:37 47.0  9.3
20:27:37 47.0  9.3
20:27:37 47.0  9.3
20:27:38 47.1  9.3
20:27:38 47.1  9.3
20:27:38 47.1  9.3
20:27:38 47.1  9.3
20:27:38 47.1  9.3
20:27:38 47.1  9.3
20:27:38 47.1  9.3
20:27:38 47.1  9.3
20:27:38 47.1  9.3
20:27:38 47.1  9.3
20:27:38 47.1  9.3
20:27:38 47.1  9.3
20:27:38 47.1  9.3
20:27:38 47.1  9.3
20:27:38 47.1  9.3
20:27:38 47.1  9.3
20:27:38 47.1  9.3
20:27:38 47.1  9.3
20:27:38 47.1  9.3
20:27:38 47.1  9.3
20:27:38 47.1  9.3
20:27:38 47.1  9.3
20:27:38 47.1  9.3
20:27:38 47.1  9.3
20:27:38 47.1  9.3
20:27:38 47.1  9.3
20:27:38 47.1  9.3
20:27:38 47.1  9.3
20:27:38 47.1  9.3
20:27:38 47.1  9.3
20:27:38 47.1  9.3
20:27:38 47.1  9.3
20:27:38 47.1  9.3
20:27:38 47.1  9.3
20:27:38 47.1  9.3
20:27:38 47.1  9.3
20:27:38 47.1  9.3
20:27:38 47.1  9.3
20:27:38 47.1  9.3
20:27:38 47.1  9.3
20:27:38 47.1  9.3
20:27:38 47.1  9.3
20:27:38 47.1  9.3
20:27:38 47.1  9.3
20:27:38 47.1  9.3
20:27:38 47.1  9.3
20:27:38 47.1  9.3
20:27:38 47.1  9.3
20:27:38 47.1  9.3
20:27:38 47.1  9.3
20:27:38 47.1  9.3
20:27:38 47.1  9.3
20:27:38 47.1  9.3
20:27:38 47.1  9.3
20:27:38 47.1  9.3
20:27:38 47.1  9.3
20:27:38 47.1  9.3
20:27:38 47.1  9.3
20:27:38 47.1  9.3
20:27:38 47.1  9.3
20:27:38 47.1  9.3
20:27:38 47.1  9.3
20:27:38 47.1  9.3
20:27:38 40.4  9.3
20:27:38 40.4  9.3
20:27:38 40.4  9.3
20:27:38 40.4  9.3
20:27:38 40.4  9.3
20:27:38 40.4  9.3
20:27:38 40.4  9.3
20:27:38 40.4  9.3
20:27:38 40.4  9.3
20:27:38 40.4  9.3
20:27:38 40.4  9.3
20:27:38 40.4  9.3
20:27:38 40.4  9.3
20:27:38 40.4  9.3
20:27:38 40.4  9.3
20:27:38 40.4  9.3
20:27:38 40.4  9.3
20:27:38 40.4  9.3
20:27:38 40.4  9.3
20:27:38 40.4  9.3
20:27:38 40.4  9.3
20:27:38 40.4  9.3
20:27:38 40.4  9.3
20:27:38 40.4  9.3
20:27:38 40.4  9.3
20:27:38 40.4  9.3
20:27:38 40.4  9.3
20:27:38 40.4  9.3
20:27:38 40.4  9.3
20:27:38 40.4  9.3
20:27:38 40.4  9.3
20:27:38 40.4  9.3
20:27:38 40.4  9.3
20:27:39 40.4  9.3
20:27:39 40.4  9.3
20:27:39 40.4  9.3
20:27:39 40.4  9.3
20:27:39 40.4  9.3
20:27:39 40.4  9.3
20:27:39 40.4  9.3
20:27:39 40.4  9.3
20:27:39 40.4  9.3
20:27:39 40.4  9.3
20:27:39 40.4  9.3
20:27:39 40.4  9.3
20:27:39 40.4  9.3
20:27:39 40.4  9.3
20:27:39 40.4  9.3
20:27:39 40.4  9.3
20:27:39 40.4  9.3
20:27:39 40.4  9.3
20:27:39 40.4  9.3
20:27:39 40.4  9.3
20:27:39 40.4  9.3
20:27:39 40.4  9.3
20:27:39 40.4  9.3
20:27:39 40.5  9.3
20:27:39 40.5  9.3
20:27:39 40.5  9.3
20:27:39 40.5  9.3
20:27:39 40.5  9.3
20:27:39 40.5  9.3
20:27:39 40.5  9.3
20:27:39 40.5  9.3
20:27:39 40.5  9.3
20:27:39 40.5  9.3
20:27:39 40.5  9.3
20:27:39 40.5  9.3
20:27:39 40.8  9.3
20:27:39 40.8  9.3
20:27:39 41.0  9.3
20:27:39 41.0  9.3
20:27:39 41.4  9.3
20:27:39 41.4  9.3
20:27:39 41.4  9.3
20:27:39 41.4  9.3
20:27:39 41.4  9.3
20:27:39 41.4  9.3
20:27:39 41.4  9.3
20:27:39 41.4  9.3
20:27:39 41.4  9.3
20:27:39 41.4  9.3
20:27:39 41.4  9.3
20:27:39 41.4  9.3
20:27:39 41.4  9.3
20:27:39 41.4  9.3
20:27:39 41.4  9.3
20:27:39 41.4  9.3
20:27:39 41.4  9.3
20:27:39 41.4  9.3
20:27:39 41.4  9.3
20:27:39 41.4  9.3
20:27:39 41.4  9.3
20:27:39 41.4  9.3
20:27:39 41.4  9.3
20:27:39 41.4  9.3
20:27:39 36.2  9.3
20:27:39 36.2  9.3
20:27:39 36.2  9.3
20:27:39 36.2  9.3
20:27:39 36.2  9.3
20:27:39 36.2  9.3
20:27:39 36.2  9.3
20:27:39 36.2  9.3
20:27:39 36.2  9.3
20:27:39 36.2  9.3
20:27:39 36.2  9.3
20:27:39 36.2  9.3
20:27:39 36.2  9.3
20:27:39 36.2  9.3
20:27:39 36.2  9.3
20:27:39 36.2  9.3
20:27:39 36.2  9.3
20:27:39 36.2  9.3
20:27:39 36.2  9.3
20:27:39 36.2  9.3
20:27:39 36.2  9.3
20:27:39 36.2  9.3
20:27:39 36.2  9.3
20:27:39 36.2  9.3
20:27:39 36.2  9.3
20:27:39 36.2  9.3
20:27:39 36.2  9.3
20:27:39 36.2  9.3
20:27:39 36.2  9.3
20:27:39 36.2  9.3
20:27:39 36.2  9.3
20:27:39 36.2  9.3
20:27:39 36.2  9.3
20:27:39 36.2  9.3
20:27:40 36.2  9.3
20:27:40 36.2  9.3
20:27:40 36.2  9.3
20:27:40 36.2  9.3
20:27:40 36.2  9.3
20:27:40 36.2  9.3
20:27:40 36.2  9.3
20:27:40 36.2  9.3
20:27:40 36.2  9.3
20:27:40 36.2  9.3
20:27:40 36.2  9.3
20:27:40 36.2  9.3
20:27:40 36.2  9.3
20:27:40 36.2  9.3
20:27:40 36.2  9.3
20:27:40 36.3  9.3
20:27:40 36.3  9.3
20:27:40 36.3  9.3
20:27:40 36.3  9.3
20:27:40 36.3  9.3
20:27:40 36.3  9.3
20:27:40 36.5  9.3
20:27:40 36.5  9.3
20:27:40 36.5  9.3
20:27:40 36.5  9.3
20:27:40 36.5  9.3
20:27:40 36.5  9.3
20:27:40 36.5  9.3
20:27:40 36.5  9.3
20:27:40 36.5  9.3
20:27:40 36.5  9.3
20:27:40 36.5  9.3
20:27:40 36.5  9.3
20:27:40 36.5  9.3
20:27:40 36.5  9.3
20:27:40 36.5  9.3
20:27:40 36.5  9.3
20:27:40 36.5  9.3
20:27:40 36.5  9.3
20:27:40 36.5  9.3
20:27:40 36.5  9.3
20:27:40 36.5  9.3
20:27:40 36.6  9.3
20:27:40 36.6  9.3
20:27:40 36.6  9.3
20:27:40 36.6  9.3
20:27:40 36.6  9.3
20:27:40 36.6  9.3
20:27:40 36.6  9.3
20:27:40 36.6  9.3
20:27:40 36.6  9.3
20:27:40 36.6  9.3
20:27:40 36.6  9.3
20:27:40 36.6  9.3
20:27:40 36.6  9.3
20:27:40 36.6  9.3
20:27:40 36.6  9.3
20:27:40 36.6  9.3
20:27:40 36.6  9.3
20:27:40 36.6  9.3
20:27:40 36.6  9.3
20:27:40 36.6  9.3
20:27:40 32.5  9.3
20:27:40 32.5  9.3
20:27:40 32.5  9.3
20:27:40 32.5  9.3
20:27:40 32.5  9.3
20:27:40 32.5  9.3
20:27:40 32.5  9.3
20:27:40 32.5  9.3
20:27:40 32.5  9.3
20:27:40 32.5  9.3
20:27:40 32.5  9.3
20:27:40 32.5  9.3
20:27:40 32.5  9.3
20:27:40 32.5  9.3
20:27:40 32.5  9.3
20:27:40 32.5  9.3
20:27:40 32.5  9.3
20:27:40 32.5  9.3
20:27:40 32.5  9.3
20:27:40 32.5  9.3
20:27:40 32.5  9.3
20:27:40 32.5  9.3
20:27:40 32.5  9.3
20:27:40 32.5  9.3
20:27:40 32.5  9.3
20:27:40 32.5  9.3
20:27:40 32.5  9.3
20:27:40 32.5  9.3
20:27:40 32.5  9.3
20:27:40 32.5  9.3
20:27:40 32.5  9.3
20:27:40 32.5  9.3
20:27:40 32.5  9.3
20:27:41 32.5  9.3
20:27:41 32.5  9.3
20:27:41 32.5  9.3
20:27:41 32.5  9.3
20:27:41 32.5  9.3
20:27:41 32.5  9.3
20:27:41 32.5  9.3
20:27:41 32.5  9.3
20:27:41 32.5  9.3
20:27:41 32.5  9.3
20:27:41 32.5  9.3
20:27:41 32.5  9.3
20:27:41 32.5  9.3
20:27:41 32.5  9.3
20:27:41 32.5  9.3
20:27:41 32.5  9.3
20:27:41 32.5  9.3
20:27:41 32.5  9.3
20:27:41 32.5  9.3
20:27:41 32.5  9.3
20:27:41 32.5  9.3
20:27:41 32.5  9.3
20:27:41 32.5  9.3
20:27:41 32.5  9.3
20:27:41 32.5  9.3
20:27:41 32.5  9.3
20:27:41 32.5  9.3
20:27:41 32.5  9.3
20:27:41 32.5  9.3
20:27:41 32.5  9.3
20:27:41 32.5  9.3
20:27:41 32.5  9.3
20:27:41 32.5  9.3
20:27:41 32.5  9.3
20:27:41 32.5  9.3
20:27:41 32.5  9.3
20:27:41 32.5  9.3
20:27:41 32.5  9.3
20:27:41 32.5  9.3
20:27:41 32.5  9.3
20:27:41 32.5  9.3
20:27:41 32.5  9.3
20:27:41 32.5  9.3
20:27:41 32.5  9.3
20:27:41 32.5  9.3
20:27:41 32.5  9.3
20:27:41 32.5  9.3
20:27:41 32.5  9.3
20:27:41 32.5  9.3
20:27:41 32.5  9.3
20:27:41 32.5  9.3
20:27:41 32.5  9.3
20:27:41 32.5  9.3
20:27:41 32.5  9.3
20:27:41 32.5  9.3
20:27:41 32.5  9.3
20:27:41 32.5  9.3
20:27:41 32.5  9.3
20:27:41 32.5  9.3
20:27:41 32.5  9.3
20:27:41 32.5  9.3
20:27:41 32.5  9.3
20:27:41 32.5  9.3
20:27:41 32.5  9.3
20:27:41 32.5  9.3
20:27:41 32.5  9.3
20:27:41 29.3  9.3
20:27:41 29.3  9.3
20:27:41 29.3  9.3
20:27:41 29.3  9.3
20:27:41 29.3  9.3
20:27:41 29.3  9.3
20:27:41 29.3  9.3
20:27:41 29.3  9.3
20:27:41 29.3  9.3
20:27:41 29.3  9.3
20:27:41 29.3  9.3
20:27:41 29.3  9.3
20:27:41 29.3  9.3
20:27:41 29.3  9.3
20:27:41 29.3  9.3
20:27:41 29.3  9.3
20:27:41 29.3  9.3
20:27:41 29.3  9.3
20:27:41 29.3  9.3
20:27:41 29.3  9.3
20:27:41 29.3  9.3
20:27:41 29.3  9.3
20:27:41 29.3  9.3
20:27:41 29.3  9.3
20:27:41 29.3  9.3
20:27:41 29.3  9.3
20:27:41 29.3  9.3
20:27:41 29.3  9.3
20:27:41 29.3  9.3
20:27:41 29.3  9.3
20:27:41 29.3  9.3
20:27:41 29.3  9.3
20:27:41 29.3  9.3
20:27:42 29.3  9.3
20:27:42 29.3  9.3
20:27:42 29.3  9.3
20:27:42 29.3  9.3
20:27:42 29.3  9.3
20:27:42 29.3  9.3
20:27:42 29.3  9.3
20:27:42 29.3  9.3
20:27:42 29.3  9.3
20:27:42 29.3  9.3
20:27:42 29.3  9.3
20:27:42 29.3  9.3
20:27:42 29.3  9.3
20:27:42 29.3  9.3
20:27:42 29.3  9.3
20:27:42 29.3  9.3
20:27:42 29.3  9.3
20:27:42 29.3  9.3
20:27:42 29.3  9.3
20:27:42 29.3  9.3
20:27:42 29.3  9.3
20:27:42 29.3  9.3
20:27:42 29.3  9.3
20:27:42 29.3  9.3
20:27:42 29.3  9.3
20:27:42 29.3  9.3
20:27:42 29.3  9.3
20:27:42 29.3  9.3
20:27:42 29.3  9.3
20:27:42 29.3  9.3
20:27:42 29.3  9.3
20:27:42 29.3  9.3
20:27:42 29.3  9.3
20:27:42 29.3  9.3
20:27:42 29.3  9.3
20:27:42 29.3  9.3
20:27:42 29.3  9.3
20:27:42 29.3  9.3
20:27:42 29.3  9.3
20:27:42 29.3  9.3
20:27:42 29.3  9.3
20:27:42 29.3  9.3
20:27:42 29.3  9.3
20:27:42 29.3  9.3
20:27:42 29.3  9.3
20:27:42 29.3  9.3
20:27:42 29.3  9.3
20:27:42 29.3  9.3
20:27:42 29.3  9.3
20:27:42 29.3  9.3
20:27:42 29.3  9.3
20:27:42 29.3  9.3
20:27:42 29.3  9.3
20:27:42 29.3  9.3
20:27:42 29.3  9.3
20:27:42 29.3  9.3
20:27:42 29.3  9.3
20:27:42 29.3  9.3
20:27:42 29.3  9.3
20:27:42 29.3  9.3
20:27:42 29.3  9.3
20:27:42 29.3  9.3
20:27:42 29.3  9.3
20:27:42 29.3  9.3
20:27:42 29.3  9.3
20:27:42 26.6  9.3
20:27:42 26.6  9.3
20:27:42 26.6  9.3
20:27:42 26.6  9.3
20:27:42 26.6  9.3
20:27:42 26.6  9.3
20:27:42 26.6  9.3
20:27:42 26.6  9.3
20:27:42 26.6  9.3
20:27:42 26.6  9.3
20:27:42 26.6  9.3
20:27:42 26.6  9.3
20:27:42 26.6  9.3
20:27:42 26.6  9.3
20:27:42 26.6  9.3
20:27:42 26.6  9.3
20:27:42 26.6  9.3
20:27:42 26.6  9.3
20:27:42 26.6  9.3
20:27:42 26.6  9.3
20:27:42 26.7  9.3
20:27:42 26.7  9.3
20:27:42 26.7  9.3
20:27:42 26.7  9.3
20:27:42 26.7  9.3
20:27:42 26.7  9.3
20:27:42 26.7  9.3
20:27:42 26.7  9.3
20:27:42 26.7  9.3
20:27:42 26.7  9.3
20:27:42 26.7  9.3
20:27:42 26.7  9.3
20:27:42 26.7  9.3
20:27:43 26.7  9.3
20:27:43 26.7  9.3
20:27:43 26.7  9.3
20:27:43 26.7  9.3
20:27:43 26.7  9.3
20:27:43 26.7  9.3
20:27:43 26.7  9.3
20:27:43 26.7  9.3
20:27:43 26.7  9.3
20:27:43 26.7  9.3
20:27:43 26.7  9.3
20:27:43 26.7  9.3
20:27:43 26.7  9.3
20:27:43 26.7  9.3
20:27:43 26.7  9.3
20:27:43 26.7  9.3
20:27:43 26.7  9.3
20:27:43 26.7  9.3
20:27:43 26.7  9.3
20:27:43 26.7  9.3
20:27:43 26.7  9.3
20:27:43 26.7  9.3
20:27:43 26.7  9.3
20:27:43 26.7  9.3
20:27:43 26.7  9.3
20:27:43 26.7  9.3
20:27:43 26.7  9.3
20:27:43 26.7  9.3
20:27:43 26.8  9.3
20:27:43 26.8  9.3
20:27:43 26.8  9.3
20:27:43 26.8  9.3
20:27:43 26.8  9.3
20:27:43 26.8  9.3
20:27:43 26.8  9.3
20:27:43 26.8  9.3
20:27:43 26.8  9.3
20:27:43 26.8  9.3
20:27:43 26.8  9.3
20:27:43 26.8  9.3
20:27:43 26.8  9.3
20:27:43 26.8  9.3
20:27:43 26.8  9.3
20:27:43 26.8  9.3
20:27:43 26.8  9.3
20:27:43 26.8  9.3
20:27:43 26.8  9.3
20:27:43 26.9  9.3
20:27:43 26.9  9.3
20:27:43 26.9  9.3
20:27:43 26.9  9.3
20:27:43 26.9  9.3
20:27:43 26.9  9.3
20:27:43 26.9  9.3
20:27:43 26.9  9.3
20:27:43 26.9  9.3
20:27:43 26.9  9.3
20:27:43 26.9  9.3
20:27:43 26.9  9.3
20:27:43 26.9  9.3
20:27:43 26.9  9.3
20:27:43 26.9  9.3
20:27:43 26.9  9.3
20:27:43 24.6  9.3
20:27:43 24.6  9.3
20:27:43 24.6  9.3
20:27:43 24.6  9.3
20:27:43 24.6  9.3
20:27:43 24.6  9.3
20:27:43 24.6  9.3
20:27:43 24.6  9.3
20:27:43 24.6  9.3
20:27:43 24.6  9.3
20:27:43 24.6  9.3
20:27:43 24.6  9.3
20:27:43 24.6  9.3
20:27:43 24.6  9.3
20:27:43 24.6  9.3
20:27:43 24.6  9.3
20:27:43 24.6  9.3
20:27:43 24.8  9.3
20:27:43 24.8  9.0
20:27:43 25.0  9.1
20:27:43 25.0  9.0
20:27:43 25.2  9.0
20:27:43 25.2  8.7
20:27:43 25.2  8.7
20:27:43 25.4  8.7
20:27:43 25.4  8.8
20:27:43 25.5  8.8
20:27:43 25.5  8.8
20:27:43 25.5  8.8
20:27:44 25.5  8.8
20:27:44 25.5  8.8
20:27:44 25.5  8.8
20:27:44 25.5  8.8
20:27:44 25.5  8.8
20:27:44 25.5  8.8
20:27:44 25.5  8.8
20:27:44 25.5  8.8
20:27:44 25.5  8.8
20:27:44 25.5  8.8
20:27:44 25.5  8.8
20:27:44 25.5  8.8
20:27:44 25.5  8.8
20:27:44 25.5  8.8
20:27:44 25.5  8.8
20:27:44 25.5  8.8
20:27:44 25.5  8.8
20:27:44 25.5  8.8
20:27:44 25.5  8.8
20:27:44 25.5  8.8
20:27:44 25.6  8.6
20:27:44 25.6  8.6
20:27:44 25.8  8.6
20:27:44 25.9  8.6
20:27:44 25.9  8.6
20:27:44 25.9  8.6
20:27:44 25.9  8.6
20:27:44 25.9  8.6
20:27:44 26.0  8.6
20:27:44 26.0  8.6
20:27:44 26.0  8.6
20:27:44 26.0  8.6
20:27:44 26.0  8.6
20:27:44 26.0  8.6
20:27:44 26.0  8.6
20:27:44 26.0  8.6
20:27:44 26.0  8.6
20:27:44 26.0  8.6
20:27:44 26.0  8.6
20:27:44 26.0  8.6
20:27:44 26.0  8.6
20:27:44 26.0  8.6
20:27:44 26.0  8.6
20:27:44 26.0  8.6
20:27:44 26.0  8.6
20:27:44 26.0  8.6
20:27:44 26.0  8.6
20:27:44 26.0  8.6
20:27:44 26.0  8.6
20:27:44 26.0  8.6
20:27:44 26.0  8.6
20:27:44 26.0  8.6
20:27:44 26.0  8.6
20:27:44 26.0  8.6
20:27:44 26.0  8.6
20:27:44 26.0  8.6
20:27:44 26.0  8.6
20:27:44 26.0  8.6
20:27:44 26.0  8.6
20:27:44 26.0  8.6
20:27:44 24.0  8.6
20:27:44 24.0  8.6
20:27:44 24.0  8.6
20:27:44 24.0  8.6
20:27:44 24.0  8.6
20:27:44 24.0  8.6
20:27:44 24.0  8.6
20:27:44 24.0  8.6
20:27:44 24.0  8.6
20:27:44 24.0  8.6
20:27:44 24.0  8.6
20:27:44 24.0  8.6
20:27:44 24.0  8.6
20:27:44 24.0  8.6
20:27:44 24.0  8.6
20:27:44 24.0  8.6
20:27:44 24.0  8.6
20:27:44 24.0  8.6
20:27:44 24.0  8.6
20:27:44 24.0  8.6
20:27:44 24.0  8.6
20:27:44 24.0  8.6
20:27:44 24.0  8.6
20:27:44 24.0  8.6
20:27:44 24.0  8.6
20:27:44 24.0  8.6
20:27:44 24.0  8.6
20:27:44 24.0  8.6
20:27:44 24.0  8.6
20:27:44 24.0  8.6
20:27:44 24.0  8.6
20:27:44 24.0  8.6
20:27:45 24.0  8.6
20:27:45 24.0  8.6
20:27:45 24.0  8.6
20:27:45 24.0  8.6
20:27:45 24.0  8.6
20:27:45 24.0  8.6
20:27:45 24.0  8.6
20:27:45 24.0  8.6
20:27:45 24.0  8.6
20:27:45 24.0  8.6
20:27:45 24.0  8.6
20:27:45 24.0  8.6
20:27:45 24.0  8.6
20:27:45 24.0  8.6
20:27:45 24.0  8.6
20:27:45 24.0  8.6
20:27:45 24.0  8.6
20:27:45 24.0  8.6
20:27:45 24.0  8.6
20:27:45 24.0  8.6
20:27:45 24.0  8.6
20:27:45 24.0  8.6
20:27:45 24.0  8.6
20:27:45 24.0  8.6
20:27:45 24.0  8.6
20:27:45 24.0  8.6
20:27:45 24.0  8.6
20:27:45 24.0  8.6
20:27:45 24.0  8.6
20:27:45 24.0  8.6
20:27:45 24.0  8.6
20:27:45 24.0  8.6
20:27:45 24.0  8.6
20:27:45 24.0  8.6
20:27:45 24.0  8.6
20:27:45 24.0  8.6
20:27:45 24.0  8.6
20:27:45 24.0  8.6
20:27:45 24.0  8.6
20:27:45 24.0  8.6
20:27:45 24.0  8.6
20:27:45 24.0  8.6
20:27:45 24.0  8.6
20:27:45 24.0  8.6
20:27:45 24.0  8.6
20:27:45 24.0  8.6
20:27:45 24.0  8.6
20:27:45 24.0  8.6
20:27:45 24.0  8.6
20:27:45 24.0  8.6
20:27:45 24.0  8.6
20:27:45 24.0  8.6
20:27:45 24.0  8.6
20:27:45 24.0  8.6
20:27:45 24.0  8.6
20:27:45 24.0  8.6
20:27:45 24.0  8.6
20:27:45 24.0  8.6
20:27:45 24.0  8.6
20:27:45 24.0  8.6
20:27:45 24.0  8.6
20:27:45 24.0  8.6
20:27:45 24.0  8.6
20:27:45 24.0  8.6
20:27:45 24.0  8.6
20:27:45 22.3  8.6
20:27:45 22.3  8.6
20:27:45 22.3  8.6
20:27:45 22.3  8.6
20:27:45 22.3  8.6
20:27:45 22.3  8.6
20:27:45 22.3  8.6
20:27:45 22.3  8.6
20:27:45 22.3  8.6
20:27:45 22.3  8.6
20:27:45 22.3  8.6
20:27:45 22.3  8.6
20:27:45 22.3  8.6
20:27:45 22.3  8.6
20:27:45 22.3  8.6
20:27:45 22.3  8.6
20:27:45 22.3  8.6
20:27:45 22.3  8.6
20:27:45 22.3  8.6
20:27:45 22.3  8.6
20:27:45 22.3  8.6
20:27:45 22.3  8.6
20:27:45 22.3  8.6
20:27:45 22.3  8.6
20:27:45 22.3  8.6
20:27:45 22.3  8.6
20:27:45 22.3  8.6
20:27:45 22.3  8.6
20:27:45 22.3  8.6
20:27:45 22.3  8.6
20:27:45 22.3  8.6
20:27:45 22.3  8.6
20:27:45 22.3  8.6
20:27:45 22.3  8.6
20:27:46 22.3  8.6
20:27:46 22.3  8.6
20:27:46 22.3  8.6
20:27:46 22.3  8.6
20:27:46 22.3  8.6
20:27:46 22.3  8.6
20:27:46 22.3  8.6
20:27:46 22.3  8.6
20:27:46 22.3  8.6
20:27:46 22.3  8.6
20:27:46 22.3  8.6
20:27:46 22.3  8.6
20:27:46 22.3  8.6
20:27:46 22.3  8.6
20:27:46 22.3  8.6
20:27:46 22.3  8.6
20:27:46 22.3  8.6
20:27:46 22.3  8.6
20:27:46 22.3  8.6
20:27:46 22.3  8.6
20:27:46 22.3  8.6
20:27:46 22.3  8.6
20:27:46 22.3  8.6
20:27:46 22.3  8.6
20:27:46 22.3  8.6
20:27:46 22.4  8.6
20:27:46 22.4  8.6
20:27:46 22.4  8.6
20:27:46 22.4  8.6
20:27:46 22.4  8.6
20:27:46 22.4  8.6
20:27:46 22.4  8.6
20:27:46 22.4  8.6
20:27:46 22.4  8.6
20:27:46 22.4  8.6
20:27:46 22.4  8.6
20:27:46 22.4  8.6
20:27:46 22.4  8.6
20:27:46 22.4  8.6
20:27:46 22.4  8.6
20:27:46 22.4  8.6
20:27:46 22.4  8.6
20:27:46 22.4  8.6
20:27:46 22.4  8.6
20:27:46 22.4  8.6
20:27:46 22.4  8.6
20:27:46 22.4  8.6
20:27:46 22.4  8.6
20:27:46 22.4  8.6
20:27:46 22.4  8.6
20:27:46 22.4  8.6
20:27:46 22.4  8.6
20:27:46 22.4  8.6
20:27:46 22.4  8.6
20:27:46 22.4  8.6
20:27:46 22.4  8.6
20:27:46 22.4  8.6
20:27:46 22.4  8.6
20:27:46 22.4  8.6
20:27:46 22.4  8.6
20:27:46 22.4  8.6
20:27:46 22.4  8.6
20:27:46 22.4  8.6
20:27:46 22.4  8.6
20:27:46 22.4  8.6
20:27:46 22.4  8.6
20:27:46 22.4  8.6
20:27:46 22.4  8.6
20:27:46 20.9  8.6
20:27:46 20.9  8.6
20:27:46 20.9  8.6
20:27:46 20.9  8.6
20:27:46 20.9  8.6
20:27:46 20.9  8.6
20:27:46 20.9  8.6
20:27:46 20.9  8.6
20:27:46 20.9  8.6
20:27:46 21.0  8.6
20:27:46 21.0  8.6
20:27:46 21.0  8.6
20:27:46 21.0  8.6
20:27:46 21.0  8.6
20:27:46 21.0  8.6
20:27:46 21.0  8.6
20:27:46 21.0  8.6
20:27:46 21.0  8.6
20:27:46 21.0  8.6
20:27:46 21.0  8.6
20:27:46 21.0  8.6
20:27:46 21.0  8.6
20:27:46 21.0  8.6
20:27:46 21.0  8.6
20:27:46 21.0  8.6
20:27:46 21.0  8.6
20:27:46 21.0  8.6
20:27:46 21.0  8.6
20:27:46 21.0  8.6
20:27:46 21.0  8.6
20:27:46 21.0  8.6
20:27:46 21.0  8.6
20:27:46 21.0  8.6
20:27:46 21.0  8.6
20:27:47 21.0  8.6
20:27:47 21.0  8.6
20:27:47 21.0  8.6
20:27:47 21.0  8.6
20:27:47 21.0  8.6
20:27:47 21.0  8.6
20:27:47 21.0  8.6
20:27:47 21.0  8.6
20:27:47 21.0  8.6
20:27:47 21.0  8.6
20:27:47 21.0  8.6
20:27:47 21.0  8.6
20:27:47 21.0  8.6
20:27:47 21.0  8.6
20:27:47 21.0  8.6
20:27:47 21.0  8.6
20:27:47 21.0  8.6
20:27:47 21.0  8.6
20:27:47 21.0  8.6
20:27:47 21.0  8.6
20:27:47 21.0  8.6
20:27:47 21.0  8.6
20:27:47 21.0  8.6
20:27:47 21.0  8.6
20:27:47 21.0  8.6
20:27:47 21.0  8.6
20:27:47 21.0  8.6
20:27:47 21.0  8.6
20:27:47 21.0  8.6
20:27:47 21.0  8.6
20:27:47 21.0  8.6
20:27:47 21.0  8.6
20:27:47 21.0  8.6
20:27:47 21.0  8.6
20:27:47 21.0  8.6
20:27:47 21.0  8.6
20:27:47 21.0  8.6
20:27:47 21.0  8.6
20:27:47 21.0  8.6
20:27:47 21.0  8.6
20:27:47 21.0  8.6
20:27:47 21.0  8.6
20:27:47 21.0  8.6
20:27:47 21.0  8.6
20:27:47 21.0  8.6
20:27:47 21.0  8.6
20:27:47 21.0  8.6
20:27:47 21.0  8.6
20:27:47 21.0  8.6
20:27:47 21.0  8.6
20:27:47 21.0  8.6
20:27:47 21.0  8.6
20:27:47 21.0  8.6
20:27:47 21.0  8.6
20:27:47 21.0  8.6
20:27:47 21.0  8.6
20:27:47 21.0  8.6
20:27:47 21.0  8.6
20:27:47 21.0  8.6
20:27:47 21.0  8.6
20:27:47 21.0  8.6
20:27:47 21.0  8.6
20:27:47 21.0  8.6
20:27:47 21.0  8.6
20:27:47 21.0  8.6
20:27:47 21.0  8.6
20:27:47 21.0  8.6
20:27:47 19.6  8.6
20:27:47 19.6  8.6
20:27:47 19.6  8.6
20:27:47 19.6  8.6
20:27:47 19.6  8.6
20:27:47 19.6  8.6
20:27:47 19.6  8.6
20:27:47 19.6  8.6
20:27:47 19.6  8.6
20:27:47 19.6  8.6
20:27:47 19.6  8.6
20:27:47 19.6  8.6
20:27:47 19.6  8.6
20:27:47 19.6  8.6
20:27:47 19.6  8.6
20:27:47 19.6  8.6
20:27:47 19.6  8.6
20:27:47 19.6  8.6
20:27:47 19.6  8.6
20:27:47 19.6  8.6
20:27:47 19.6  8.6
20:27:47 19.6  8.6
20:27:47 19.6  8.6
20:27:47 19.6  8.6
20:27:47 19.6  8.6
20:27:47 19.6  8.6
20:27:47 19.6  8.6
20:27:47 19.6  8.6
20:27:47 19.6  8.6
20:27:47 19.6  8.6
20:27:47 19.6  8.6
20:27:47 19.6  8.6
20:27:47 19.6  8.6
20:27:47 19.6  8.6
20:27:48 19.6  8.6
20:27:48 19.6  8.6
20:27:48 19.6  8.6
20:27:48 19.6  8.6
20:27:48 19.6  8.6
20:27:48 19.6  8.6
20:27:48 19.6  8.6
20:27:48 19.6  8.6
20:27:48 19.6  8.6
20:27:48 19.6  8.6
20:27:48 19.6  8.6
20:27:48 19.6  8.6
20:27:48 19.6  8.6
20:27:48 19.6  8.6
20:27:48 19.6  8.6
20:27:48 19.6  8.6
20:27:48 19.6  8.6
20:27:48 19.6  8.6
20:27:48 19.6  8.6
20:27:48 19.6  8.6
20:27:48 19.6  8.6
20:27:48 19.6  8.6
20:27:48 19.6  8.6
20:27:48 19.6  8.6
20:27:48 19.6  8.6
20:27:48 19.6  8.6
20:27:48 19.6  8.6
20:27:48 19.6  8.6
20:27:48 19.6  8.6
20:27:48 19.6  8.6
20:27:48 19.6  8.6
20:27:48 19.6  8.6
20:27:48 19.6  8.6
20:27:48 19.6  8.6
20:27:48 19.6  8.6
20:27:48 19.6  8.6
20:27:48 19.6  8.6
20:27:48 19.6  8.6
20:27:48 19.6  8.6
20:27:48 19.6  8.6
20:27:48 19.6  8.6
20:27:48 19.6  8.6
20:27:48 19.6  8.6
20:27:48 19.6  8.6
20:27:48 19.6  8.6
20:27:48 19.6  8.6
20:27:48 19.6  8.6
20:27:48 19.6  8.6
20:27:48 19.6  8.6
20:27:48 19.6  8.6
20:27:48 19.6  8.6
20:27:48 19.6  8.6
20:27:48 19.6  8.6
20:27:48 19.6  8.6
20:27:48 19.6  8.6
20:27:48 19.6  8.6
20:27:48 19.6  8.6
20:27:48 19.6  8.6
20:27:48 19.6  8.6
20:27:48 19.6  8.6
20:27:48 19.6  8.6
20:27:48 19.6  8.6
20:27:48 19.6  8.6
20:27:48 19.6  8.6
20:27:48 19.6  8.6
20:27:48 19.6  8.6
20:27:48 19.6  8.6
20:27:48 19.6  8.6
20:27:48 18.5  8.6
20:27:48 18.5  8.6
20:27:48 18.5  8.6
20:27:48 18.5  8.6
20:27:48 18.5  8.6
20:27:48 18.5  8.6
20:27:48 18.5  8.6
20:27:48 18.5  8.6
20:27:48 18.5  8.6
20:27:48 18.5  8.6
20:27:48 18.5  8.6
20:27:48 18.5  8.6
20:27:48 18.5  8.6
20:27:48 18.5  8.6
20:27:48 18.5  8.6
20:27:48 18.5  8.6
20:27:48 18.5  8.6
20:27:48 18.5  8.6
20:27:48 18.5  8.6
20:27:48 18.5  8.6
20:27:48 18.5  8.6
20:27:48 18.5  8.6
20:27:48 18.5  8.6
20:27:48 18.5  8.6
20:27:48 18.5  8.6
20:27:48 18.5  8.6
20:27:48 18.5  8.6
20:27:48 18.5  8.6
20:27:48 18.5  8.6
20:27:48 18.5  8.6
20:27:48 18.5  8.6
20:27:49 18.5  8.6
20:27:49 18.5  8.6
20:27:49 18.5  8.6
20:27:49 18.5  8.6
20:27:49 18.5  8.6
20:27:49 18.5  8.6
20:27:49 18.5  8.6
20:27:49 18.5  8.6
20:27:49 18.5  8.6
20:27:49 18.5  8.6
20:27:49 18.5  8.6
20:27:49 18.5  8.6
20:27:49 18.5  8.6
20:27:49 18.5  8.6
20:27:49 18.5  8.6
20:27:49 18.5  8.6
20:27:49 18.5  8.6
20:27:49 18.5  8.6
20:27:49 18.5  8.6
20:27:49 18.5  8.6
20:27:49 18.5  8.6
20:27:49 18.5  8.6
20:27:49 18.5  8.6
20:27:49 18.5  8.6
20:27:49 18.5  8.6
20:27:49 18.5  8.6
20:27:49 18.5  8.6
20:27:49 18.5  8.6
20:27:49 18.5  8.6
20:27:49 18.5  8.6
20:27:49 18.5  8.6
20:27:49 18.6  8.6
20:27:49 18.6  8.6
20:27:49 18.6  8.6
20:27:49 18.6  8.6
20:27:49 18.6  8.6
20:27:49 18.6  8.6
20:27:49 18.6  8.6
20:27:49 18.6  8.6
20:27:49 18.6  8.6
20:27:49 18.6  8.6
20:27:49 18.6  8.6
20:27:49 18.6  8.6
20:27:49 18.6  8.6
20:27:49 18.6  8.6
20:27:49 18.6  8.6
20:27:49 18.6  8.6
20:27:49 18.6  8.6
20:27:49 18.6  8.6
20:27:49 18.7  8.6
20:27:49 18.7  8.6
20:27:49 18.8  8.6
20:27:49 18.8  8.6
20:27:49 18.8  8.6
20:27:49 18.8  8.6
20:27:49 18.8  8.6
20:27:49 18.8  8.6
20:27:49 18.8  8.6
20:27:49 18.8  8.6
20:27:49 18.8  8.6
20:27:49 18.8  8.6
20:27:49 18.8  8.6
20:27:49 18.8  8.6
20:27:49 17.7  8.6
20:27:49 17.7  8.6
20:27:49 17.7  8.6
20:27:49 17.7  8.6
20:27:49 17.7  8.6
20:27:49 17.7  8.6
20:27:49 17.7  8.6
20:27:49 17.7  8.6
20:27:49 17.7  8.6
20:27:49 17.7  8.6
20:27:49 17.7  8.6
20:27:49 17.7  8.6
20:27:49 17.7  8.6
20:27:49 17.7  8.6
20:27:49 17.7  8.6
20:27:49 17.7  8.6
20:27:49 17.7  8.6
20:27:49 17.7  8.6
20:27:49 17.7  8.6
20:27:49 17.7  8.6
20:27:49 17.7  8.6
20:27:49 17.7  8.6
20:27:49 17.7  8.6
20:27:49 17.7  8.6
20:27:49 17.7  8.6
20:27:49 17.7  8.6
20:27:49 17.7  8.6
20:27:49 17.7  8.6
20:27:49 17.7  8.6
20:27:49 17.7  8.6
20:27:49 17.7  8.6
20:27:49 17.7  8.6
20:27:49 17.7  8.6
20:27:50 17.7  8.6
20:27:50 17.7  8.6
20:27:50 17.7  8.6
20:27:50 17.7  8.6
20:27:50 17.7  8.6
20:27:50 17.7  8.6
20:27:50 17.7  8.6
20:27:50 17.7  8.6
20:27:50 17.7  8.6
20:27:50 17.7  8.6
20:27:50 17.7  8.6
20:27:50 17.7  8.6
20:27:50 17.7  8.6
20:27:50 17.7  8.6
20:27:50 17.7  8.6
20:27:50 17.7  8.6
20:27:50 17.7  8.6
20:27:50 17.7  8.6
20:27:50 17.7  8.6
20:27:50 17.7  8.6
20:27:50 17.7  8.6
20:27:50 17.7  8.6
20:27:50 17.7  8.6
20:27:50 17.7  8.6
20:27:50 17.7  8.6
20:27:50 17.7  8.6
20:27:50 17.7  8.6
20:27:50 17.7  8.6
20:27:50 17.7  8.6
20:27:50 17.7  8.6
20:27:50 17.7  8.6
20:27:50 17.7  8.6
20:27:50 17.7  8.6
20:27:50 17.7  8.6
20:27:50 17.7  8.6
20:27:50 17.7  8.6
20:27:50 17.7  8.6
20:27:50 17.7  8.6
20:27:50 17.7  8.6
20:27:50 17.7  8.6
20:27:50 17.7  8.6
20:27:50 17.7  8.6
20:27:50 17.7  8.6
20:27:50 17.7  8.6
20:27:50 17.7  8.6
20:27:50 17.7  8.6
20:27:50 17.7  8.6
20:27:50 17.7  8.6
20:27:50 17.7  8.6
20:27:50 17.7  8.6
20:27:50 17.7  8.6
20:27:50 17.7  8.6
20:27:50 17.7  8.6
20:27:50 17.7  8.6
20:27:50 17.7  8.6
20:27:50 17.7  8.6
20:27:50 17.7  8.6
20:27:50 17.7  8.6
20:27:50 17.7  8.6
20:27:50 17.7  8.6
20:27:50 17.7  8.6
20:27:50 17.7  8.6
20:27:50 17.7  8.6
20:27:50 17.7  8.6
20:27:50 17.7  8.6
20:27:50 17.7  8.6
20:27:50 17.7  8.6
20:27:50 16.8  8.6
20:27:50 16.8  8.6
20:27:50 16.8  8.6
20:27:50 16.8  8.6
20:27:50 16.8  8.6
20:27:50 16.8  8.6
20:27:50 16.8  8.6
20:27:50 16.8  8.6
20:27:50 16.8  8.6
20:27:50 16.8  8.6
20:27:50 16.8  8.6
20:27:50 16.8  8.6
20:27:50 16.8  8.6
20:27:50 16.8  8.6
20:27:50 16.8  8.6
20:27:50 16.8  8.6
20:27:50 16.8  8.6
20:27:50 16.8  8.6
20:27:50 16.8  8.6
20:27:50 16.8  8.6
20:27:50 16.8  8.6
20:27:50 16.8  8.6
20:27:50 16.8  8.6
20:27:50 16.8  8.6
20:27:50 16.8  8.6
20:27:50 16.8  8.6
20:27:50 16.8  8.6
20:27:50 16.8  8.6
20:27:50 16.8  8.6
20:27:50 16.8  8.6
20:27:50 16.8  8.6
20:27:50 16.8  8.6
20:27:50 16.8  8.6
20:27:50 16.8  8.6
20:27:51 16.8  8.6
20:27:51 16.8  8.6
20:27:51 16.8  8.6
20:27:51 16.8  8.6
20:27:51 16.8  8.6
20:27:51 16.8  8.6
20:27:51 16.8  8.6
20:27:51 16.8  8.6
20:27:51 16.8  8.6
20:27:51 16.8  8.6
20:27:51 16.8  8.6
20:27:51 16.8  8.6
20:27:51 16.8  8.6
20:27:51 16.8  8.6
20:27:51 16.8  8.6
20:27:51 16.8  8.6
20:27:51 16.8  8.6
20:27:51 16.8  8.6
20:27:51 16.8  8.6
20:27:51 16.8  8.6
20:27:51 16.8  8.6
20:27:51 16.8  8.6
20:27:51 16.8  8.6
20:27:51 16.8  8.6
20:27:51 16.8  8.6
20:27:51 16.8  8.6
20:27:51 16.8  8.6
20:27:51 16.8  8.6
20:27:51 16.8  8.6
20:27:51 16.8  8.6
20:27:51 16.8  8.6
20:27:51 16.8  8.6
20:27:51 16.8  8.6
20:27:51 16.8  8.6
20:27:51 16.8  8.6
20:27:51 16.8  8.6
20:27:51 16.9  8.6
20:27:51 16.9  8.6
20:27:51 16.9  8.6
20:27:51 16.9  8.6
20:27:51 16.9  8.6
20:27:51 16.9  8.6
20:27:51 16.9  8.6
20:27:51 16.9  8.6
20:27:51 16.9  8.6
20:27:51 16.9  8.6
20:27:51 16.9  8.6
20:27:51 16.9  8.6
20:27:51 16.9  8.6
20:27:51 16.9  8.6
20:27:51 16.9  8.6
20:27:51 16.9  8.6
20:27:51 16.9  8.6
20:27:51 16.9  8.6
20:27:51 16.9  8.6
20:27:51 16.9  8.6
20:27:51 16.9  8.6
20:27:51 16.9  8.6
20:27:51 16.9  8.6
20:27:51 16.9  8.6
20:27:51 16.9  8.6
20:27:51 16.9  8.6
20:27:51 16.9  8.6
20:27:51 16.9  8.6
20:27:51 16.9  8.6
20:27:51 16.9  8.6
20:27:51 16.9  8.6
20:27:51 16.9  8.6
20:27:51 16.1  8.6
20:27:51 16.1  8.6
20:27:51 16.1  8.6
20:27:51 16.1  8.6
20:27:51 16.1  8.6
20:27:51 16.1  8.6
20:27:51 16.1  8.6
20:27:51 16.1  8.6
20:27:51 16.1  8.6
20:27:51 16.1  8.6
20:27:51 16.1  8.6
20:27:51 16.1  8.6
20:27:51 16.1  8.6
20:27:51 16.1  8.6
20:27:51 16.1  8.6
20:27:51 16.1  8.6
20:27:51 16.1  8.6
20:27:51 16.1  8.6
20:27:51 16.1  8.6
20:27:51 16.1  8.6
20:27:51 16.1  8.6
20:27:51 16.1  8.6
20:27:51 16.1  8.6
20:27:51 16.1  8.6
20:27:51 16.1  8.6
20:27:51 16.1  8.6
20:27:51 16.1  8.6
20:27:51 16.1  8.6
20:27:51 16.1  8.6
20:27:51 16.1  8.6
20:27:51 16.1  8.6
20:27:51 16.1  8.6
20:27:51 16.1  8.6
20:27:51 16.1  8.6
20:27:52 16.1  8.6
20:27:52 16.1  8.6
20:27:52 16.1  8.6
20:27:52 16.1  8.6
20:27:52 16.1  8.6
20:27:52 16.1  8.6
20:27:52 16.1  8.6
20:27:52 16.1  8.6
20:27:52 16.1  8.6
20:27:52 16.1  8.6
20:27:52 16.1  8.6
20:27:52 16.1  8.6
20:27:52 16.1  8.6
20:27:52 16.1  8.6
20:27:52 16.1  8.6
20:27:52 16.1  8.6
20:27:52 16.1  8.6
20:27:52 16.1  8.6
20:27:52 16.1  8.6
20:27:52 16.1  8.6
20:27:52 16.1  8.6
20:27:52 16.1  8.6
20:27:52 16.1  8.6
20:27:52 16.1  8.6
20:27:52 16.1  8.6
20:27:52 16.1  8.6
20:27:52 16.1  8.6
20:27:52 16.1  8.6
20:27:52 16.1  8.6
20:27:52 16.1  8.6
20:27:52 16.1  8.6
20:27:52 16.1  8.6
20:27:52 16.1  8.6
20:27:52 16.1  8.6
20:27:52 16.1  8.6
20:27:52 16.1  8.6
20:27:52 16.1  8.6
20:27:52 16.1  8.6
20:27:52 16.1  8.6
20:27:52 16.1  8.6
20:27:52 16.1  8.6
20:27:52 16.1  8.6
20:27:52 16.1  8.6
20:27:52 16.1  8.6
20:27:52 16.1  8.6
20:27:52 16.1  8.6
20:27:52 16.1  8.6
20:27:52 16.1  8.6
20:27:52 16.1  8.6
20:27:52 16.1  8.6
20:27:52 16.1  8.6
20:27:52 16.1  8.6
20:27:52 16.1  8.6
20:27:52 16.1  8.6
20:27:52 16.1  8.6
20:27:52 16.1  8.6
20:27:52 16.1  8.6
20:27:52 16.1  8.6
20:27:52 16.1  8.6
20:27:52 16.1  8.6
20:27:52 16.1  8.6
20:27:52 16.1  8.6
20:27:52 16.1  8.6
20:27:52 16.1  8.6
20:27:52 16.1  8.6
20:27:52 16.1  8.6
20:27:52 16.1  8.6
20:27:52 16.1  8.6
20:27:52 16.1  8.6
20:27:52 15.3  8.6
20:27:52 15.3  8.6
20:27:52 15.3  8.6
20:27:52 15.3  8.6
20:27:52 15.3  8.6
20:27:52 15.3  8.6
20:27:52 15.3  8.6
20:27:52 15.3  8.6
20:27:52 15.3  8.6
20:27:52 15.3  8.6
20:27:52 15.3  8.6
20:27:52 15.3  8.6
20:27:52 15.3  8.6
20:27:52 15.3  8.6
20:27:52 15.3  8.6
20:27:52 15.3  8.6
20:27:52 15.3  8.6
20:27:52 15.3  8.6
20:27:52 15.3  8.6
20:27:52 15.3  8.6
20:27:52 15.3  8.6
20:27:52 15.3  8.6
20:27:52 15.3  8.6
20:27:52 15.3  8.6
20:27:52 15.3  8.6
20:27:52 15.3  8.6
20:27:52 15.3  8.6
20:27:52 15.3  8.6
20:27:52 15.3  8.6
20:27:52 15.3  8.6
20:27:52 15.3  8.6
20:27:52 15.3  8.6
20:27:52 15.3  8.6
20:27:52 15.3  8.6
20:27:52 15.3  8.6
20:27:53 15.3  8.6
20:27:53 15.3  8.6
20:27:53 15.3  8.6
20:27:53 15.3  8.6
20:27:53 15.3  8.6
20:27:53 15.3  8.6
20:27:53 15.3  8.6
20:27:53 15.3  8.6
20:27:53 15.3  8.6
20:27:53 15.3  8.6
20:27:53 15.3  8.6
20:27:53 15.3  8.6
20:27:53 15.3  8.6
20:27:53 15.3  8.6
20:27:53 15.3  8.6
20:27:53 15.3  8.6
20:27:53 15.3  8.6
20:27:53 15.3  8.6
20:27:53 15.3  8.6
20:27:53 15.3  8.6
20:27:53 15.3  8.6
20:27:53 15.3  8.6
20:27:53 15.3  8.6
20:27:53 15.3  8.6
20:27:53 15.3  8.6
20:27:53 15.3  8.6
20:27:53 15.3  8.6
20:27:53 15.3  8.6
20:27:53 15.3  8.6
20:27:53 15.3  8.6
20:27:53 15.3  8.6
20:27:53 15.3  8.6
20:27:53 15.3  8.6
20:27:53 15.3  8.6
20:27:53 15.3  8.6
20:27:53 15.3  8.6
20:27:53 15.3  8.6
20:27:53 15.3  8.6
20:27:53 15.3  8.6
20:27:53 15.3  8.6
20:27:53 15.3  8.6
20:27:53 15.3  8.6
20:27:53 15.3  8.6
20:27:53 15.3  8.6
20:27:53 15.3  8.6
20:27:53 15.3  8.6
20:27:53 15.3  8.6
20:27:53 15.3  8.6
20:27:53 15.3  8.6
20:27:53 15.3  8.6
20:27:53 15.3  8.6
20:27:53 15.3  8.6
20:27:53 15.3  8.6
20:27:53 15.3  8.6
20:27:53 15.3  8.6
20:27:53 15.3  8.6
20:27:53 15.3  8.6
20:27:53 15.3  8.6
20:27:53 15.3  8.6
20:27:53 15.3  8.6
20:27:53 15.3  8.6
20:27:53 15.3  8.6
20:27:53 15.3  8.6
20:27:53 15.3  8.6
20:27:53 15.3  8.6
20:27:53 15.3  8.6
20:27:53 15.3  8.6
20:27:53 15.3  8.6
20:27:53 14.6  8.6
20:27:53 14.6  8.6
20:27:53 14.6  8.6
20:27:53 14.6  8.6
20:27:53 14.6  8.6
20:27:53 14.6  8.6
20:27:53 14.6  8.6
20:27:53 14.6  8.6
20:27:53 14.6  8.6
20:27:53 14.6  8.6
20:27:53 14.6  8.6
20:27:53 14.6  8.6
20:27:53 14.6  8.6
20:27:53 14.6  8.6
20:27:53 14.6  8.6
20:27:53 14.6  8.6
20:27:53 14.6  8.6
20:27:53 14.6  8.6
20:27:53 14.6  8.6
20:27:53 14.6  8.6
20:27:53 14.6  8.6
20:27:53 14.6  8.6
20:27:53 14.6  8.6
20:27:53 14.6  8.6
20:27:53 14.6  8.6
20:27:53 14.6  8.6
20:27:53 14.6  8.6
20:27:53 14.6  8.6
20:27:53 14.6  8.6
20:27:53 14.6  8.6
20:27:53 14.6  8.6
20:27:54 14.6  8.6
20:27:54 14.6  8.6
20:27:54 14.6  8.6
20:27:54 14.6  8.6
20:27:54 14.6  8.6
20:27:54 14.6  8.6
20:27:54 14.6  8.6
20:27:54 14.6  8.6
20:27:54 14.6  8.6
20:27:54 14.6  8.6
20:27:54 14.6  8.6
20:27:54 14.6  8.6
20:27:54 14.6  8.6
20:27:54 14.6  8.6
20:27:54 14.6  8.6
20:27:54 14.6  8.6
20:27:54 14.6  8.6
20:27:54 14.6  8.6
20:27:54 14.6  8.6
20:27:54 14.6  8.6
20:27:54 14.6  8.6
20:27:54 14.6  8.6
20:27:54 14.6  8.6
20:27:54 14.6  8.6
20:27:54 14.6  8.6
20:27:54 14.6  8.6
20:27:54 14.6  8.6
20:27:54 14.6  8.6
20:27:54 14.6  8.6
20:27:54 14.6  8.6
20:27:54 14.6  8.6
20:27:54 14.6  8.6
20:27:54 14.6  8.6
20:27:54 14.6  8.6
20:27:54 14.6  8.6
20:27:54 14.6  8.6
20:27:54 14.6  8.6
20:27:54 14.6  8.6
20:27:54 14.6  8.6
20:27:54 14.6  8.6
20:27:54 14.6  8.6
20:27:54 14.6  8.6
20:27:54 14.6  8.6
20:27:54 14.6  8.6
20:27:54 14.6  8.6
20:27:54 14.6  8.6
20:27:54 14.6  8.6
20:27:54 14.6  8.6
20:27:54 14.6  8.6
20:27:54 14.6  8.6
20:27:54 14.6  8.6
20:27:54 14.6  8.6
20:27:54 14.6  8.6
20:27:54 14.6  8.5
20:27:54 14.6  8.5
20:27:54 14.6  8.5
20:27:54 14.6  8.5
20:27:54 14.6  8.5
20:27:54 14.6  8.5
20:27:54 14.6  8.5
20:27:54 14.6  8.5
20:27:54 14.6  8.5
20:27:54 14.6  8.5
20:27:54 14.6  8.5
20:27:54 14.6  8.5
20:27:54 14.0  8.5
20:27:54 14.0  8.5
20:27:54 14.0  8.5
20:27:54 14.0  8.5
20:27:54 14.0  8.5
20:27:54 14.0  8.5
20:27:54 14.0  8.5
20:27:54 14.0  8.5
20:27:54 14.0  8.5
20:27:54 14.0  8.5
20:27:54 14.0  8.5
20:27:54 14.0  8.5
20:27:54 14.0  8.5
20:27:54 14.0  8.5
20:27:54 14.0  8.5
20:27:54 14.0  8.5
20:27:54 14.0  8.5
20:27:54 14.0  8.5
20:27:54 14.0  8.5
20:27:54 14.0  8.5
20:27:54 14.0  8.5
20:27:54 14.0  8.5
20:27:54 14.0  8.5
20:27:54 14.0  8.5
20:27:54 14.0  8.5
20:27:54 14.0  8.5
20:27:54 14.0  8.5
20:27:54 14.0  8.5
20:27:54 14.0  8.5
20:27:54 14.0  8.5
20:27:54 14.0  8.5
20:27:54 14.0  8.5
20:27:54 14.0  8.5
20:27:55 14.0  8.5
20:27:55 14.0  8.5
20:27:55 14.0  8.5
20:27:55 14.0  8.5
20:27:55 14.0  8.5
20:27:55 14.0  8.5
20:27:55 14.0  8.5
20:27:55 14.0  8.5
20:27:55 14.0  8.5
20:27:55 14.0  8.5
20:27:55 14.0  8.5
20:27:55 14.0  8.5
20:27:55 14.0  8.5
20:27:55 14.0  8.5
20:27:55 14.0  8.5
20:27:55 14.0  8.5
20:27:55 14.0  8.5
20:27:55 14.0  8.5
20:27:55 14.0  8.5
20:27:55 14.0  8.5
20:27:55 14.0  8.5
20:27:55 14.0  8.5
20:27:55 14.0  8.5
20:27:55 14.0  8.5
20:27:55 14.0  8.5
20:27:55 14.0  8.5
20:27:55 14.0  8.5
20:27:55 14.0  8.5
20:27:55 14.0  8.5
20:27:55 14.0  8.5
20:27:55 14.0  8.5
20:27:55 14.0  8.5
20:27:55 14.0  8.5
20:27:55 14.0  8.5
20:27:55 14.0  8.5
20:27:55 14.0  8.5
20:27:55 14.0  8.5
20:27:55 14.0  8.5
20:27:55 14.0  8.5
20:27:55 14.0  8.5
20:27:55 14.0  8.5
20:27:55 14.0  8.5
20:27:55 14.0  8.5
20:27:55 14.0  8.5
20:27:55 14.0  8.5
20:27:55 14.0  8.5
20:27:55 14.0  8.5
20:27:55 14.0  8.5
20:27:55 14.0  8.5
20:27:55 14.0  8.5
20:27:55 14.0  8.5
20:27:55 14.0  8.5
20:27:55 14.0  8.5
20:27:55 14.0  8.5
20:27:55 14.0  8.5
20:27:55 14.0  8.5
20:27:55 14.0  8.5
20:27:55 14.0  8.5
20:27:55 14.0  8.5
20:27:55 14.0  8.5
20:27:55 14.0  8.5
20:27:55 14.0  8.5
20:27:55 14.0  8.5
20:27:55 14.0  8.5
20:27:55 14.0  8.5
20:27:55 14.0  8.5
20:27:55 14.0  8.5
20:27:55 13.4  8.5
20:27:55 13.4  8.5
20:27:55 13.4  8.5
20:27:55 13.4  8.5
20:27:55 13.4  8.5
20:27:55 13.4  8.5
20:27:55 13.4  8.5
20:27:55 13.4  8.5
20:27:55 13.4  8.5
20:27:55 13.4  8.5
20:27:55 13.4  8.5
20:27:55 13.4  8.5
20:27:55 13.4  8.5
20:27:55 13.4  8.5
20:27:55 13.4  8.5
20:27:55 13.4  8.5
20:27:55 13.4  8.5
20:27:55 13.4  8.5
20:27:55 13.4  8.5
20:27:55 13.4  8.5
20:27:55 13.4  8.5
20:27:55 13.4  8.5
20:27:55 13.4  8.5
20:27:55 13.4  8.5
20:27:55 13.4  8.5
20:27:55 13.4  8.5
20:27:55 13.4  8.5
20:27:55 13.4  8.5
20:27:55 13.4  8.5
20:27:55 13.4  8.5
20:27:55 13.4  8.5
20:27:55 13.4  8.5
20:27:55 13.4  8.5
20:27:55 13.4  8.5
20:27:55 13.4  8.5
20:27:56 13.4  8.5
20:27:56 13.4  8.5
20:27:56 13.4  8.5
20:27:56 13.4  8.5
20:27:56 13.4  8.5
20:27:56 13.4  8.5
20:27:56 13.4  8.5
20:27:56 13.4  8.5
20:27:56 13.4  8.5
20:27:56 13.4  8.5
20:27:56 13.4  8.5
20:27:56 13.4  8.5
20:27:56 13.4  8.5
20:27:56 13.4  8.5
20:27:56 13.4  8.5
20:27:56 13.4  8.5
20:27:56 13.4  8.5
20:27:56 13.4  8.5
20:27:56 13.4  8.5
20:27:56 13.4  8.5
20:27:56 13.4  8.5
20:27:56 13.4  8.5
20:27:56 13.4  8.5
20:27:56 13.4  8.5
20:27:56 13.4  8.5
20:27:56 13.4  8.5
20:27:56 13.4  8.5
20:27:56 13.4  8.5
20:27:56 13.4  8.5
20:27:56 13.4  8.5
20:27:56 13.4  8.5
20:27:56 13.4  8.5
20:27:56 13.4  8.5
20:27:56 13.4  8.5
20:27:56 13.4  8.5
20:27:56 13.4  8.5
20:27:56 13.4  8.5
20:27:56 13.4  8.5
20:27:56 13.4  8.5
20:27:56 13.4  8.5
20:27:56 13.4  8.5
20:27:56 13.4  8.5
20:27:56 13.4  8.5
20:27:56 13.4  8.5
20:27:56 13.4  8.5
20:27:56 13.4  8.5
20:27:56 13.4  8.5
20:27:56 13.4  8.5
20:27:56 13.4  8.5
20:27:56 13.4  8.5
20:27:56 13.4  8.5
20:27:56 13.4  8.5
20:27:56 13.4  8.5
20:27:56 13.4  8.5
20:27:56 13.4  8.5
20:27:56 13.4  8.5
20:27:56 13.4  8.5
20:27:56 13.4  8.5
20:27:56 13.4  8.5
20:27:56 13.4  8.5
20:27:56 13.4  8.5
20:27:56 13.4  8.5
20:27:56 13.4  8.5
20:27:56 13.4  8.5
20:27:56 13.4  8.5
20:27:56 13.4  8.5
20:27:56 13.4  8.5
20:27:56 12.9  8.5
20:27:56 12.9  8.5
20:27:56 12.9  8.5
20:27:56 12.9  8.5
20:27:56 12.9  8.5
20:27:56 12.9  8.5
20:27:56 12.9  8.5
20:27:56 12.9  8.5
20:27:56 12.9  8.5
20:27:56 12.9  8.5
20:27:56 12.9  8.5
20:27:56 12.9  8.5
20:27:56 12.9  8.5
20:27:56 12.9  8.5
20:27:56 12.9  8.5
20:27:56 12.9  8.5
20:27:56 12.9  8.5
20:27:56 12.9  8.5
20:27:56 12.9  8.5
20:27:56 12.9  8.5
20:27:56 12.9  8.5
20:27:56 12.9  8.5
20:27:56 12.9  8.5
20:27:56 12.9  8.5
20:27:56 12.9  8.5
20:27:56 12.9  8.5
20:27:56 12.9  8.5
20:27:56 12.9  8.5
20:27:56 12.9  8.5
20:27:56 12.9  8.5
20:27:56 12.9  8.5
20:27:56 12.9  8.5
20:27:56 12.9  8.5
20:27:56 12.9  8.5
20:27:56 12.9  8.5
20:27:57 12.9  8.5
20:27:57 12.9  8.5
20:27:57 12.9  8.5
20:27:57 12.9  8.5
20:27:57 12.9  8.5
20:27:57 12.9  8.5
20:27:57 12.9  8.5
20:27:57 12.9  8.5
20:27:57 12.9  8.5
20:27:57 12.9  8.5
20:27:57 12.9  8.5
20:27:57 12.9  8.5
20:27:57 12.9  8.5
20:27:57 12.9  8.5
20:27:57 12.9  8.5
20:27:57 12.9  8.5
20:27:57 12.9  8.5
20:27:57 12.9  8.5
20:27:57 12.9  8.5
20:27:57 12.9  8.5
20:27:57 12.9  8.5
20:27:57 12.9  8.5
20:27:57 12.9  8.5
20:27:57 12.9  8.5
20:27:57 12.9  8.5
20:27:57 12.9  8.5
20:27:57 12.9  8.5
20:27:57 12.9  8.5
20:27:57 12.9  8.5
20:27:57 12.9  8.5
20:27:57 12.9  8.5
20:27:57 12.9  8.5
20:27:57 12.9  8.5
20:27:57 12.9  8.5
20:27:57 12.9  8.5
20:27:57 12.9  8.5
20:27:57 12.9  8.5
20:27:57 12.9  8.5
20:27:57 12.9  8.5
20:27:57 12.9  8.5
20:27:57 12.9  8.5
20:27:57 12.9  8.5
20:27:57 12.9  8.5
20:27:57 12.9  8.5
20:27:57 13.0  8.5
20:27:57 13.0  8.5
20:27:57 13.0  8.5
20:27:57 13.0  8.5
20:27:57 13.0  8.5
20:27:57 13.0  8.5
20:27:57 13.0  8.5
20:27:57 13.0  8.5
20:27:57 13.0  8.5
20:27:57 13.0  8.5
20:27:57 13.0  8.5
20:27:57 13.0  8.5
20:27:57 13.0  8.5
20:27:57 13.0  8.5
20:27:57 13.0  8.5
20:27:57 13.0  8.5
20:27:57 13.0  8.5
20:27:57 13.0  8.5
20:27:57 13.0  8.5
20:27:57 13.0  8.5
20:27:57 13.0  8.5
20:27:57 13.0  8.5
20:27:57 13.0  8.5
20:27:57 13.0  8.5
20:27:57 13.0  8.5
20:27:57 13.0  8.5
20:27:57 12.5  8.5
20:27:57 12.5  8.5
20:27:57 12.5  8.5
20:27:57 12.5  8.5
20:27:57 12.5  8.5
20:27:57 12.5  8.5
20:27:57 12.5  8.5
20:27:57 12.5  8.5
20:27:57 12.5  8.5
20:27:57 12.5  8.5
20:27:57 12.5  8.5
20:27:57 12.5  8.5
20:27:57 12.5  8.5
20:27:57 12.5  8.5
20:27:57 12.5  8.5
20:27:57 12.5  8.5
20:27:57 12.5  8.5
20:27:57 12.5  8.5
20:27:57 12.5  8.5
20:27:57 12.5  8.5
20:27:57 12.5  8.5
20:27:57 12.5  8.5
20:27:57 12.5  8.5
20:27:57 12.5  8.5
20:27:57 12.5  8.5
20:27:57 12.5  8.5
20:27:57 12.5  8.5
20:27:57 12.5  8.5
20:27:57 12.5  8.5
20:27:57 12.5  8.5
20:27:57 12.5  8.5
20:27:57 12.5  8.5
20:27:57 12.5  8.5
20:27:58 12.5  8.5
20:27:58 12.5  8.5
20:27:58 12.5  8.5
20:27:58 12.5  8.5
20:27:58 12.5  8.5
20:27:58 12.5  8.5
20:27:58 12.5  8.5
20:27:58 12.5  8.5
20:27:58 12.5  8.5
20:27:58 12.5  8.5
20:27:58 12.5  8.5
20:27:58 12.5  8.5
20:27:58 12.5  8.5
20:27:58 12.5  8.5
20:27:58 12.5  8.5
20:27:58 12.5  8.5
20:27:58 12.5  8.5
20:27:58 12.5  8.5
20:27:58 12.5  8.5
20:27:58 12.5  8.5
20:27:58 12.5  8.5
20:27:58 12.5  8.5
20:27:58 12.5  8.5
20:27:58 12.5  8.5
20:27:58 12.5  8.5
20:27:58 12.5  8.5
20:27:58 12.5  8.5
20:27:58 12.5  8.5
20:27:58 12.5  8.5
20:27:58 12.5  8.5
20:27:58 12.5  8.5
20:27:58 12.5  8.5
20:27:58 12.5  8.5
20:27:58 12.5  8.5
20:27:58 12.5  8.5
20:27:58 12.5  8.5
20:27:58 12.5  8.5
20:27:58 12.5  8.5
20:27:58 12.5  8.5
20:27:58 12.5  8.5
20:27:58 12.5  8.5
20:27:58 12.5  8.5
20:27:58 12.5  8.5
20:27:58 12.5  8.5
20:27:58 12.5  8.5
20:27:58 12.5  8.5
20:27:58 12.5  8.5
20:27:58 12.5  8.5
20:27:58 12.5  8.5
20:27:58 12.5  8.5
20:27:58 12.5  8.5
20:27:58 12.5  8.5
20:27:58 12.5  8.5
20:27:58 12.5  8.5
20:27:58 12.5  8.5
20:27:58 12.5  8.5
20:27:58 12.5  8.5
20:27:58 12.5  8.5
20:27:58 12.5  8.5
20:27:58 12.5  8.5
20:27:58 12.5  8.5
20:27:58 12.5  8.5
20:27:58 12.5  8.5
20:27:58 12.5  8.5
20:27:58 12.5  8.5
20:27:58 12.5  8.5
20:27:58 12.5  8.5
20:27:58 12.5  8.5
20:27:58 12.1  8.5
20:27:58 12.1  8.5
20:27:58 12.1  8.5
20:27:58 12.1  8.5
20:27:58 12.1  8.5
20:27:58 12.1  8.5
20:27:58 12.1  8.5
20:27:58 12.1  8.5
20:27:58 12.1  8.5
20:27:58 12.1  8.5
20:27:58 12.1  8.5
20:27:58 12.1  8.5
20:27:58 12.1  8.5
20:27:58 12.1  8.5
20:27:58 12.1  8.5
20:27:58 12.1  8.5
20:27:58 12.1  8.5
20:27:58 12.1  8.5
20:27:58 12.1  8.5
20:27:58 12.1  8.5
20:27:58 12.1  8.5
20:27:58 12.1  8.5
20:27:58 12.1  8.5
20:27:58 12.1  8.5
20:27:58 12.1  8.5
20:27:58 12.1  8.5
20:27:58 12.1  8.5
20:27:58 12.1  8.5
20:27:58 12.1  8.5
20:27:58 12.1  8.5
20:27:58 12.1  8.5
20:27:58 12.1  8.5
20:27:59 12.1  8.5
20:27:59 12.1  8.5
20:27:59 12.1  8.5
20:27:59 12.1  8.5
20:27:59 12.1  8.5
20:27:59 12.1  8.5
20:27:59 12.1  8.5
20:27:59 12.1  8.5
20:27:59 12.1  8.5
20:27:59 12.1  8.5
20:27:59 12.1  8.5
20:27:59 12.1  8.5
20:27:59 12.1  8.5
20:27:59 12.1  8.5
20:27:59 12.1  8.5
20:27:59 12.1  8.5
20:27:59 12.1  8.5
20:27:59 12.1  8.5
20:27:59 12.1  8.5
20:27:59 12.1  8.5
20:27:59 12.1  8.5
20:27:59 12.1  8.5
20:27:59 12.1  8.5
20:27:59 12.1  8.5
20:27:59 12.1  8.5
20:27:59 12.1  8.5
20:27:59 12.1  8.5
20:27:59 12.1  8.5
20:27:59 12.1  8.5
20:27:59 12.1  8.5
20:27:59 12.1  8.5
20:27:59 12.1  8.5
20:27:59 12.1  8.5
20:27:59 12.1  8.5
20:27:59 12.1  8.5
20:27:59 12.1  8.5
20:27:59 12.1  8.5
20:27:59 12.1  8.5
20:27:59 12.1  8.5
20:27:59 12.1  8.5
20:27:59 12.1  8.5
20:27:59 12.1  8.5
20:27:59 12.1  8.5
20:27:59 12.1  8.5
20:27:59 12.1  8.5
20:27:59 12.1  8.5
20:27:59 12.1  8.5
20:27:59 12.1  8.5
20:27:59 12.1  8.5
20:27:59 12.1  8.5
20:27:59 12.1  8.5
20:27:59 12.1  8.5
20:27:59 12.1  8.5
20:27:59 12.1  8.5
20:27:59 12.1  8.5
20:27:59 12.1  8.5
20:27:59 12.1  8.5
20:27:59 12.1  8.5
20:27:59 12.1  8.5
20:27:59 12.1  8.5
20:27:59 12.1  8.5
20:27:59 12.1  8.5
20:27:59 12.1  8.5
20:27:59 11.7  8.5
20:27:59 11.7  8.5
20:27:59 11.7  8.5
20:27:59 11.7  8.5
20:27:59 11.7  8.5
20:27:59 11.7  8.5
20:27:59 11.7  8.5
20:27:59 11.7  8.5
20:27:59 11.7  8.5
20:27:59 11.7  8.5
20:27:59 11.7  8.5
20:27:59 11.7  8.5
20:27:59 11.7  8.5
20:27:59 11.7  8.5
20:27:59 11.7  8.5
20:27:59 11.7  8.5
20:27:59 11.7  8.5
20:27:59 11.7  8.5
20:27:59 11.7  8.5
20:27:59 11.7  8.5
20:27:59 11.7  8.5
20:27:59 11.7  8.5
20:27:59 11.7  8.5
20:27:59 11.7  8.5
20:27:59 11.7  8.5
20:27:59 11.7  8.5
20:27:59 11.7  8.5
20:27:59 11.7  8.5
20:27:59 11.7  8.5
20:27:59 11.7  8.5
20:27:59 11.7  8.5
20:27:59 11.7  8.5
20:27:59 11.7  8.5
20:27:59 11.7  8.5
20:27:59 11.7  8.5
20:28:00 11.7  8.5
20:28:00 11.7  8.5
20:28:00 11.7  8.5
20:28:00 11.7  8.5
20:28:00 11.7  8.5
20:28:00 11.7  8.5
20:28:00 11.7  8.5
20:28:00 11.7  8.5
20:28:00 11.7  8.5
20:28:00 11.7  8.5
20:28:00 11.7  8.5
20:28:00 11.7  8.5
20:28:00 11.7  8.5
20:28:00 11.7  8.5
20:28:00 11.7  8.5
20:28:00 11.7  8.5
20:28:00 11.7  8.5
20:28:00 11.7  8.5
20:28:00 11.7  8.5
20:28:00 11.7  8.5
20:28:00 11.7  8.5
20:28:00 11.7  8.5
20:28:00 11.7  8.5
20:28:00 11.7  8.5
20:28:00 11.7  8.5
20:28:00 11.7  8.5
20:28:00 11.7  8.5
20:28:00 11.7  8.5
20:28:00 11.7  8.5
20:28:00 11.7  8.5
20:28:00 11.7  8.5
20:28:00 11.7  8.5
20:28:00 11.7  8.5
20:28:00 11.7  8.5
20:28:00 11.7  8.5
20:28:00 11.7  8.5
20:28:00 11.7  8.5
20:28:00 11.7  8.5
20:28:00 11.7  8.5
20:28:00 11.7  8.5
20:28:00 11.7  8.5
20:28:00 11.7  8.5
20:28:00 11.7  8.5
20:28:00 11.7  8.5
20:28:00 11.7  8.5
20:28:00 11.7  8.5
20:28:00 11.7  8.5
20:28:00 11.7  8.5
20:28:00 11.7  8.5
20:28:00 11.7  8.5
20:28:00 11.7  8.5
20:28:00 11.7  8.5
20:28:00 11.7  8.5
20:28:00 11.7  8.5
20:28:00 11.7  8.5
20:28:00 11.7  8.5
20:28:00 11.7  8.5
20:28:00 11.7  8.5
20:28:00 11.7  8.5
20:28:00 11.7  8.5
20:28:00 11.7  8.5
20:28:00 11.7  8.5
20:28:00 11.7  8.5
20:28:00 11.7  8.5
20:28:00 11.7  8.5
20:28:00 11.7  8.5
20:28:00 11.7  8.5
20:28:00 11.7  8.5
20:28:00 11.3  8.5
20:28:00 11.3  8.5
20:28:00 11.3  8.5
20:28:00 11.3  8.5
20:28:00 11.3  8.5
20:28:00 11.3  8.5
20:28:00 11.3  8.5
20:28:00 11.3  8.5
20:28:00 11.3  8.5
20:28:00 11.3  8.5
20:28:00 11.3  8.5
20:28:00 11.3  8.5
20:28:00 11.3  8.5
20:28:00 11.3  8.5
20:28:00 11.3  8.5
20:28:00 11.3  8.5
20:28:00 11.3  8.5
20:28:00 11.3  8.5
20:28:00 11.3  8.5
20:28:00 11.3  8.5
20:28:00 11.3  8.5
20:28:00 11.3  8.5
20:28:00 11.3  8.5
20:28:00 11.3  8.5
20:28:00 11.3  8.5
20:28:00 11.3  8.5
20:28:00 11.3  8.5
20:28:00 11.3  8.5
20:28:00 11.3  8.5
20:28:00 11.3  8.5
20:28:00 11.3  8.5
20:28:00 11.3  8.5
20:28:00 11.3  8.5
20:28:00 11.3  8.5
20:28:01 11.3  8.5
20:28:01 11.3  8.5
20:28:01 11.3  8.5
20:28:01 11.3  8.5
20:28:01 11.3  8.5
20:28:01 11.3  8.5
20:28:01 11.3  8.5
20:28:01 11.3  8.5
20:28:01 11.3  8.5
20:28:01 11.3  8.5
20:28:01 11.3  8.5
20:28:01 11.3  8.5
20:28:01 11.3  8.5
20:28:01 11.3  8.5
20:28:01 11.3  8.5
20:28:01 11.3  8.5
20:28:01 11.3  8.5
20:28:01 11.3  8.5
20:28:01 11.3  8.5
20:28:01 11.3  8.5
20:28:01 11.3  8.5
20:28:01 11.3  8.5
20:28:01 11.3  8.5
20:28:01 11.3  8.5
20:28:01 11.3  8.5
20:28:01 11.3  8.5
20:28:01 11.3  8.5
20:28:01 11.3  8.5
20:28:01 11.3  8.5
20:28:01 11.3  8.5
20:28:01 11.3  8.5
20:28:01 11.3  8.5
20:28:01 11.3  8.5
20:28:01 11.3  8.5
20:28:01 11.3  8.5
20:28:01 11.3  8.5
20:28:01 11.3  8.5
20:28:01 11.3  8.5
20:28:01 11.3  8.5
20:28:01 11.3  8.5
20:28:01 11.3  8.5
20:28:01 11.3  8.5
20:28:01 11.3  8.5
20:28:01 11.3  8.5
20:28:01 11.3  8.5
20:28:01 11.3  8.5
20:28:01 11.3  8.5
20:28:01 11.3  8.5
20:28:01 11.3  8.5
20:28:01 11.3  8.5
20:28:01 11.3  8.5
20:28:01 11.3  8.5
20:28:01 11.3  8.5
20:28:01 11.3  8.5
20:28:01 11.3  8.5
20:28:01 11.3  8.5
20:28:01 11.3  8.5
20:28:01 11.3  8.5
20:28:01 11.3  8.5
20:28:01 11.3  8.5
20:28:01 11.3  8.5
20:28:01 11.3  8.5
20:28:01 11.3  8.5
20:28:01 11.3  8.5
20:28:01 11.3  8.5
20:28:01 11.3  8.5
20:28:01 11.3  8.5
20:28:01 11.3  8.5
20:28:01 10.9  8.5
20:28:01 10.9  8.5
20:28:01 10.9  8.5
20:28:01 10.9  8.5
20:28:01 10.9  8.5
20:28:01 10.9  8.5
20:28:01 10.9  8.5
20:28:01 10.9  8.5
20:28:01 10.9  8.5
20:28:01 10.9  8.5
20:28:01 10.9  8.5
20:28:01 10.9  8.5
20:28:01 10.9  8.5
20:28:01 10.9  8.5
20:28:01 10.9  8.5
20:28:01 10.9  8.5
20:28:01 10.9  8.5
20:28:01 10.9  8.5
20:28:01 10.9  8.5
20:28:01 10.9  8.5
20:28:01 10.9  8.5
20:28:01 10.9  8.5
20:28:01 10.9  8.5
20:28:01 10.9  8.5
20:28:01 10.9  8.5
20:28:01 10.9  8.5
20:28:01 10.9  8.5
20:28:01 10.9  8.5
20:28:01 10.9  8.5
20:28:01 10.9  8.5
20:28:01 10.9  8.5
20:28:01 10.9  8.5
20:28:01 10.9  8.5
20:28:01 10.9  8.5
20:28:02 10.9  8.5
20:28:02 10.9  8.5
20:28:02 10.9  8.5
20:28:02 10.9  8.5
20:28:02 10.9  8.5
20:28:02 10.9  8.5
20:28:02 10.9  8.5
20:28:02 10.9  8.5
20:28:02 10.9  8.5
20:28:02 10.9  8.5
20:28:02 10.9  8.5
20:28:02 10.9  8.5
20:28:02 10.9  8.5
20:28:02 10.9  8.5
20:28:02 10.9  8.5
20:28:02 11.0  8.5
20:28:02 11.0  8.5
20:28:02 11.0  8.5
20:28:02 11.0  8.5
20:28:02 11.0  8.5
20:28:02 11.0  8.5
20:28:02 11.0  8.5
20:28:02 11.0  8.5
20:28:02 11.0  8.5
20:28:02 11.0  8.5
20:28:02 11.0  8.5
20:28:02 11.0  8.5
20:28:02 11.0  8.5
20:28:02 11.0  8.5
20:28:02 11.0  8.5
20:28:02 11.0  8.5
20:28:02 11.0  8.5
20:28:02 11.0  8.5
20:28:02 11.0  8.5
20:28:02 11.0  8.5
20:28:02 11.0  8.5
20:28:02 11.0  8.5
20:28:02 11.0  8.5
20:28:02 11.0  8.5
20:28:02 11.0  8.5
20:28:02 11.0  8.5
20:28:02 11.0  8.5
20:28:02 11.0  8.5
20:28:02 11.0  8.5
20:28:02 11.0  8.5
20:28:02 11.1  8.5
20:28:02 11.1  8.5
20:28:02 11.1  8.5
20:28:02 11.1  8.5
20:28:02 11.1  8.5
20:28:02 11.1  8.5
20:28:02 11.1  8.5
20:28:02 11.1  8.5
20:28:02 11.1  8.5
20:28:02 11.1  8.5
20:28:02 11.1  8.5
20:28:02 10.7  8.5
20:28:02 10.7  8.5
20:28:02 10.7  8.5
20:28:02 10.7  8.5
20:28:02 10.7  8.5
20:28:02 10.8  8.5
20:28:02 10.8  8.5
20:28:02 10.8  8.5
20:28:02 10.8  8.5
20:28:02 10.8  8.5
20:28:02 10.8  8.5
20:28:02 10.8  8.5
20:28:02 10.8  8.5
20:28:02 10.9  8.5
20:28:02 10.9  8.5
20:28:02 10.9  8.5
20:28:02 10.9  8.5
20:28:02 10.9  8.5
20:28:02 10.9  8.5
20:28:02 10.9  8.5
20:28:02 10.9  8.5
20:28:02 10.9  8.5
20:28:02 10.9  8.5
20:28:02 10.9  8.5
20:28:02 10.9  8.5
20:28:02 10.9  8.5
20:28:02 10.9  8.5
20:28:02 10.9  8.5
20:28:03 10.9  8.5
20:28:03 10.9  8.5
20:28:03 10.9  8.5
20:28:03 10.9  8.5
20:28:03 10.9  8.5
20:28:03 11.0  8.6
20:28:03 11.0  8.6
20:28:03 11.1  8.3
20:28:03 11.1  8.2
20:28:03 11.3  8.0
20:28:03 11.4  8.0
20:28:03 11.5  8.0
20:28:03 11.5  8.0
20:28:03 11.6  8.0
20:28:03 11.6  8.0
20:28:03 11.6  8.0
20:28:03 11.7  8.0
20:28:03 11.7  8.0
20:28:03 11.8  8.0
20:28:03 11.8  8.0
20:28:03 11.9  8.0
20:28:03 12.0  8.0
20:28:03 12.0  8.0
20:28:03 12.0  8.0
20:28:03 12.1  8.0
20:28:03 12.1  8.0
20:28:03 12.2  7.8
20:28:03 12.2  7.5
20:28:03 12.2  0.0
20:28:03 
